# JRE version: OpenJDK Runtime Environment JBR-21.0.11+10-1163.116-jcef (21.0.11+10) (build 21.0.11+10-b1163.116)
# Java VM: OpenJDK 64-Bit Server VM JBR-21.0.11+10-1163.116-jcef (21.0.11+10-b1163.116, mixed mode, sharing, tiered, compressed oops, compressed class ptrs, g1 gc, linux-amd64)
GC Precious Log:
 CardTable entry size: 512
 Card Set container configuration: InlinePtr #cards 5 size 8 Array Of Cards #cards 12 size 40 Howl #buckets 4 coarsen threshold 1843 Howl Bitmap #cards 512 size 80 coarsen threshold 460 Card regions per heap region 1 cards per card region 2048
 CPUs: 12 total, 12 available
 Memory: 31717M
 Large Page Support: Disabled
 NUMA Support: Disabled
 Compressed Oops: Enabled (32-bit)
 Heap Region Size: 1M
 Heap Min Capacity: 8M
 Heap Initial Capacity: 256M
 Heap Max Capacity: 256M
 Pre-touch: Disabled
 Parallel Workers: 10
 Concurrent Workers: 3
 Concurrent Refinement Workers: 10
 Periodic GC: Disabled
Heap:
 garbage-first heap   total 34816K, used 25388K [0x00000000f0000000, 0x0000000100000000)
  region size 1024K, 18 young (18432K), 2 survivors (2048K)
 Metaspace       used 31693K, committed 32064K, reserved 1114112K
  class space    used 3343K, committed 3520K, reserved 1048576K
GC Heap History (13 events):
Event: 0,172 GC heap before
{Heap before GC invocations=0 (full 0):
 garbage-first heap   total 262144K, used 13549K [0x00000000f0000000, 0x0000000100000000)
  region size 1024K, 12 young (12288K), 0 survivors (0K)
 Metaspace       used 5118K, committed 5248K, reserved 1114112K
  class space    used 463K, committed 512K, reserved 1048576K
}
Event: 0,174 GC heap after
{Heap after GC invocations=1 (full 0):
 garbage-first heap   total 262144K, used 5014K [0x00000000f0000000, 0x0000000100000000)
  region size 1024K, 2 young (2048K), 2 survivors (2048K)
 Metaspace       used 5118K, committed 5248K, reserved 1114112K
  class space    used 463K, committed 512K, reserved 1048576K
}
Event: 0,254 GC heap before
{Heap before GC invocations=1 (full 0):
 garbage-first heap   total 262144K, used 15254K [0x00000000f0000000, 0x0000000100000000)
  region size 1024K, 12 young (12288K), 2 survivors (2048K)
 Metaspace       used 8262K, committed 8448K, reserved 1114112K
  class space    used 790K, committed 896K, reserved 1048576K
}
Event: 0,256 GC heap after
{Heap after GC invocations=2 (full 0):
 garbage-first heap   total 262144K, used 5684K [0x00000000f0000000, 0x0000000100000000)
  region size 1024K, 1 young (1024K), 1 survivors (1024K)
 Metaspace       used 8262K, committed 8448K, reserved 1114112K
  class space    used 790K, committed 896K, reserved 1048576K
}
Event: 0,325 GC heap before
{Heap before GC invocations=2 (full 0):
 garbage-first heap   total 262144K, used 15924K [0x00000000f0000000, 0x0000000100000000)
  region size 1024K, 12 young (12288K), 1 survivors (1024K)
 Metaspace       used 11226K, committed 11520K, reserved 1114112K
  class space    used 1075K, committed 1216K, reserved 1048576K
}
Event: 0,326 GC heap after
{Heap after GC invocations=3 (full 0):
 garbage-first heap   total 262144K, used 6222K [0x00000000f0000000, 0x0000000100000000)
  region size 1024K, 2 young (2048K), 2 survivors (2048K)
 Metaspace       used 11226K, committed 11520K, reserved 1114112K
  class space    used 1075K, committed 1216K, reserved 1048576K
}
Event: 2,011 GC heap before
{Heap before GC invocations=3 (full 0):
 garbage-first heap   total 262144K, used 25678K [0x00000000f0000000, 0x0000000100000000)
  region size 1024K, 22 young (22528K), 2 survivors (2048K)
 Metaspace       used 16710K, committed 17024K, reserved 1114112K
  class space    used 1733K, committed 1856K, reserved 1048576K
}
Event: 2,013 GC heap after
{Heap after GC invocations=4 (full 0):
 garbage-first heap   total 262144K, used 7312K [0x00000000f0000000, 0x0000000100000000)
  region size 1024K, 3 young (3072K), 3 survivors (3072K)
 Metaspace       used 16710K, committed 17024K, reserved 1114112K
  class space    used 1733K, committed 1856K, reserved 1048576K
}
Event: 2,172 GC heap before
{Heap before GC invocations=4 (full 0):
 garbage-first heap   total 262144K, used 20624K [0x00000000f0000000, 0x0000000100000000)
  region size 1024K, 18 young (18432K), 3 survivors (3072K)
 Metaspace       used 21280K, committed 21504K, reserved 1114112K
  class space    used 2207K, committed 2304K, reserved 1048576K
}
Event: 2,174 GC heap after
{Heap after GC invocations=5 (full 0):
 garbage-first heap   total 262144K, used 7770K [0x00000000f0000000, 0x0000000100000000)
  region size 1024K, 3 young (3072K), 3 survivors (3072K)
 Metaspace       used 21280K, committed 21504K, reserved 1114112K
  class space    used 2207K, committed 2304K, reserved 1048576K
}
Event: 2,494 GC heap before
{Heap before GC invocations=6 (full 0):
 garbage-first heap   total 30720K, used 29274K [0x00000000f0000000, 0x0000000100000000)
  region size 1024K, 24 young (24576K), 3 survivors (3072K)
 Metaspace       used 27875K, committed 28224K, reserved 1114112K
  class space    used 2980K, committed 3136K, reserved 1048576K
}
Event: 2,497 GC heap after
{Heap after GC invocations=7 (full 0):
 garbage-first heap   total 34816K, used 9004K [0x00000000f0000000, 0x0000000100000000)
  region size 1024K, 4 young (4096K), 4 survivors (4096K)
 Metaspace       used 27875K, committed 28224K, reserved 1114112K
  class space    used 2980K, committed 3136K, reserved 1048576K
}
Event: 5,078 GC heap before
{Heap before GC invocations=7 (full 0):
 garbage-first heap   total 34816K, used 25388K [0x00000000f0000000, 0x0000000100000000)
  region size 1024K, 20 young (20480K), 4 survivors (4096K)
 Metaspace       used 31693K, committed 32064K, reserved 1114112K
  class space    used 3343K, committed 3520K, reserved 1048576K
}

