# JRE version: OpenJDK Runtime Environment JBR-21.0.11+10-1163.116-jcef (21.0.11+10) (build 21.0.11+10-b1163.116)
# Java VM: OpenJDK 64-Bit Server VM JBR-21.0.11+10-1163.116-jcef (21.0.11+10-b1163.116, mixed mode, sharing, tiered, compressed oops, compressed class ptrs, g1 gc, linux-amd64)
GC Precious Log:
 CardTable entry size: 512
 Card Set container configuration: InlinePtr #cards 4 size 8 Array Of Cards #cards 32 size 80 Howl #buckets 8 coarsen threshold 7372 Howl Bitmap #cards 1024 size 144 coarsen threshold 921 Card regions per heap region 1 cards per card region 8192
 CPUs: 12 total, 12 available
 Memory: 31717M
 Large Page Support: Disabled
 NUMA Support: Disabled
 Compressed Oops: Enabled (Zero based)
 Heap Region Size: 4M
 Heap Min Capacity: 8M
 Heap Initial Capacity: 496M
 Heap Max Capacity: 7932M
 Pre-touch: Disabled
 Parallel Workers: 10
 Concurrent Workers: 3
 Concurrent Refinement Workers: 10
 Periodic GC: Disabled
Heap:
 garbage-first heap   total 69632K, used 42244K [0x0000000610400000, 0x0000000800000000)
  region size 4096K, 7 young (28672K), 0 survivors (0K)
 Metaspace       used 45601K, committed 46336K, reserved 1114112K
  class space    used 4661K, committed 4992K, reserved 1048576K
GC Heap History (20 events):
Event: 0,567 GC heap before
{Heap before GC invocations=0 (full 0):
 garbage-first heap   total 512000K, used 22765K [0x0000000610400000, 0x0000000800000000)
  region size 4096K, 6 young (24576K), 0 survivors (0K)
 Metaspace       used 5517K, committed 5760K, reserved 1114112K
  class space    used 505K, committed 640K, reserved 1048576K
}
Event: 0,570 GC heap after
{Heap after GC invocations=1 (full 0):
 garbage-first heap   total 512000K, used 6521K [0x0000000610400000, 0x0000000800000000)
  region size 4096K, 1 young (4096K), 1 survivors (4096K)
 Metaspace       used 5517K, committed 5760K, reserved 1114112K
  class space    used 505K, committed 640K, reserved 1048576K
}
Event: 0,821 GC heap before
{Heap before GC invocations=1 (full 0):
 garbage-first heap   total 512000K, used 31097K [0x0000000610400000, 0x0000000800000000)
  region size 4096K, 7 young (28672K), 1 survivors (4096K)
 Metaspace       used 13275K, committed 13568K, reserved 1114112K
  class space    used 1237K, committed 1344K, reserved 1048576K
}
Event: 0,828 GC heap after
{Heap after GC invocations=2 (full 0):
 garbage-first heap   total 512000K, used 8309K [0x0000000610400000, 0x0000000800000000)
  region size 4096K, 1 young (4096K), 1 survivors (4096K)
 Metaspace       used 13275K, committed 13568K, reserved 1114112K
  class space    used 1237K, committed 1344K, reserved 1048576K
}
Event: 1,180 GC heap before
{Heap before GC invocations=2 (full 0):
 garbage-first heap   total 512000K, used 36981K [0x0000000610400000, 0x0000000800000000)
  region size 4096K, 10 young (40960K), 1 survivors (4096K)
 Metaspace       used 21206K, committed 21504K, reserved 1114112K
  class space    used 2114K, committed 2240K, reserved 1048576K
}
Event: 1,185 GC heap after
{Heap after GC invocations=3 (full 0):
 garbage-first heap   total 512000K, used 11103K [0x0000000610400000, 0x0000000800000000)
  region size 4096K, 2 young (8192K), 2 survivors (8192K)
 Metaspace       used 21206K, committed 21504K, reserved 1114112K
  class space    used 2114K, committed 2240K, reserved 1048576K
}
Event: 1,506 GC heap before
{Heap before GC invocations=4 (full 0):
 garbage-first heap   total 69632K, used 56159K [0x0000000610400000, 0x0000000800000000)
  region size 4096K, 14 young (57344K), 2 survivors (8192K)
 Metaspace       used 28384K, committed 28736K, reserved 1114112K
  class space    used 2888K, committed 3008K, reserved 1048576K
}
Event: 1,510 GC heap after
{Heap after GC invocations=5 (full 0):
 garbage-first heap   total 77824K, used 14163K [0x0000000610400000, 0x0000000800000000)
  region size 4096K, 2 young (8192K), 2 survivors (8192K)
 Metaspace       used 28384K, committed 28736K, reserved 1114112K
  class space    used 2888K, committed 3008K, reserved 1048576K
}
Event: 1,751 GC heap before
{Heap before GC invocations=5 (full 0):
 garbage-first heap   total 77824K, used 51027K [0x0000000610400000, 0x0000000800000000)
  region size 4096K, 11 young (45056K), 2 survivors (8192K)
 Metaspace       used 33913K, committed 34304K, reserved 1114112K
  class space    used 3497K, committed 3648K, reserved 1048576K
}
Event: 1,754 GC heap after
{Heap after GC invocations=6 (full 0):
 garbage-first heap   total 77824K, used 15450K [0x0000000610400000, 0x0000000800000000)
  region size 4096K, 2 young (8192K), 2 survivors (8192K)
 Metaspace       used 33913K, committed 34304K, reserved 1114112K
  class space    used 3497K, committed 3648K, reserved 1048576K
}
Event: 1,874 GC heap before
{Heap before GC invocations=6 (full 0):
 garbage-first heap   total 77824K, used 23642K [0x0000000610400000, 0x0000000800000000)
  region size 4096K, 5 young (20480K), 2 survivors (8192K)
 Metaspace       used 35929K, committed 36480K, reserved 1114112K
  class space    used 3766K, committed 4032K, reserved 1048576K
}
Event: 1,877 GC heap after
{Heap after GC invocations=7 (full 0):
 garbage-first heap   total 294912K, used 15545K [0x0000000610400000, 0x0000000800000000)
  region size 4096K, 2 young (8192K), 2 survivors (8192K)
 Metaspace       used 35929K, committed 36480K, reserved 1114112K
  class space    used 3766K, committed 4032K, reserved 1048576K
}
Event: 9,934 GC heap before
{Heap before GC invocations=8 (full 0):
 garbage-first heap   total 81920K, used 72889K [0x0000000610400000, 0x0000000800000000)
  region size 4096K, 16 young (65536K), 2 survivors (8192K)
 Metaspace       used 43392K, committed 44096K, reserved 1114112K
  class space    used 4450K, committed 4736K, reserved 1048576K
}
Event: 9,938 GC heap after
{Heap after GC invocations=9 (full 0):
 garbage-first heap   total 90112K, used 19197K [0x0000000610400000, 0x0000000800000000)
  region size 4096K, 2 young (8192K), 2 survivors (8192K)
 Metaspace       used 43392K, committed 44096K, reserved 1114112K
  class space    used 4450K, committed 4736K, reserved 1048576K
}
Event: 31,023 GC heap before
{Heap before GC invocations=9 (full 0):
 garbage-first heap   total 90112K, used 60157K [0x0000000610400000, 0x0000000800000000)
  region size 4096K, 13 young (53248K), 2 survivors (8192K)
 Metaspace       used 44189K, committed 44864K, reserved 1114112K
  class space    used 4519K, committed 4800K, reserved 1048576K
}
Event: 31,083 GC heap after
{Heap after GC invocations=10 (full 1):
 garbage-first heap   total 69632K, used 17443K [0x0000000610400000, 0x0000000800000000)
  region size 4096K, 0 young (0K), 0 survivors (0K)
 Metaspace       used 44189K, committed 44864K, reserved 1114112K
  class space    used 4519K, committed 4800K, reserved 1048576K
}
Event: 58,624 GC heap before
{Heap before GC invocations=10 (full 1):
 garbage-first heap   total 69632K, used 54307K [0x0000000610400000, 0x0000000800000000)
  region size 4096K, 9 young (36864K), 0 survivors (0K)
 Metaspace       used 45358K, committed 46016K, reserved 1114112K
  class space    used 4651K, committed 4928K, reserved 1048576K
}
Event: 58,628 GC heap after
{Heap after GC invocations=11 (full 1):
 garbage-first heap   total 69632K, used 18741K [0x0000000610400000, 0x0000000800000000)
  region size 4096K, 1 young (4096K), 1 survivors (4096K)
 Metaspace       used 45358K, committed 46016K, reserved 1114112K
  class space    used 4651K, committed 4928K, reserved 1048576K
}
Event: 61,083 GC heap before
{Heap before GC invocations=11 (full 1):
 garbage-first heap   total 69632K, used 18741K [0x0000000610400000, 0x0000000800000000)
  region size 4096K, 2 young (8192K), 1 survivors (4096K)
 Metaspace       used 45358K, committed 46016K, reserved 1114112K
  class space    used 4651K, committed 4928K, reserved 1048576K
}
Event: 61,132 GC heap after
{Heap after GC invocations=12 (full 2):
 garbage-first heap   total 69632K, used 17668K [0x0000000610400000, 0x0000000800000000)
  region size 4096K, 0 young (0K), 0 survivors (0K)
 Metaspace       used 45358K, committed 46016K, reserved 1114112K
  class space    used 4651K, committed 4928K, reserved 1048576K
}

